CRITICAL - 2024-08-23 20:28:12 --> CodeIgniter\View\Exceptions\ViewException: Invalid file: "cadastro.php"
[Method: GET, Route: cadastro]
in SYSTEMPATH\Exceptions\FrameworkException.php on line 41.
 1 SYSTEMPATH\View\View.php(222): CodeIgniter\Exceptions\FrameworkException::forInvalidFile('cadastro.php')
 2 SYSTEMPATH\Common.php(1171): CodeIgniter\View\View->render('cadastro', [], true)
 3 APPPATH\Controllers\AuthController.php(13): view('cadastro')
 4 SYSTEMPATH\CodeIgniter.php(933): App\Controllers\AuthController->mostrarPaginaCadastro()
 5 SYSTEMPATH\CodeIgniter.php(509): CodeIgniter\CodeIgniter->runController(Object(App\Controllers\AuthController))
 6 SYSTEMPATH\CodeIgniter.php(355): CodeIgniter\CodeIgniter->handleRequest(null, Object(Config\Cache), false)
 7 SYSTEMPATH\Boot.php(312): CodeIgniter\CodeIgniter->run()
 8 SYSTEMPATH\Boot.php(67): CodeIgniter\Boot::runCodeIgniter(Object(CodeIgniter\CodeIgniter))
 9 FCPATH\index.php(56): CodeIgniter\Boot::bootWeb(Object(Config\Paths))
CRITICAL - 2024-08-23 20:28:25 --> CodeIgniter\View\Exceptions\ViewException: Invalid file: "cadastro.php"
[Method: GET, Route: cadastro]
in SYSTEMPATH\Exceptions\FrameworkException.php on line 41.
 1 SYSTEMPATH\View\View.php(222): CodeIgniter\Exceptions\FrameworkException::forInvalidFile('cadastro.php')
 2 SYSTEMPATH\Common.php(1171): CodeIgniter\View\View->render('cadastro', [], true)
 3 APPPATH\Controllers\AuthController.php(13): view('cadastro')
 4 SYSTEMPATH\CodeIgniter.php(933): App\Controllers\AuthController->mostrarPaginaCadastro()
 5 SYSTEMPATH\CodeIgniter.php(509): CodeIgniter\CodeIgniter->runController(Object(App\Controllers\AuthController))
 6 SYSTEMPATH\CodeIgniter.php(355): CodeIgniter\CodeIgniter->handleRequest(null, Object(Config\Cache), false)
 7 SYSTEMPATH\Boot.php(312): CodeIgniter\CodeIgniter->run()
 8 SYSTEMPATH\Boot.php(67): CodeIgniter\Boot::runCodeIgniter(Object(CodeIgniter\CodeIgniter))
 9 FCPATH\index.php(56): CodeIgniter\Boot::bootWeb(Object(Config\Paths))
INFO - 2024-08-23 20:43:21 --> Session: Class initialized using 'CodeIgniter\Session\Handlers\FileHandler' driver.
INFO - 2024-08-23 20:43:39 --> Session: Class initialized using 'CodeIgniter\Session\Handlers\FileHandler' driver.
INFO - 2024-08-23 21:34:16 --> Session: Class initialized using 'CodeIgniter\Session\Handlers\FileHandler' driver.
