CRITICAL - 2024-05-21 03:04:59 --> ParseError: syntax error, unexpected token "}", expecting ";"
[Method: GET, Route: /]
in APPPATH/Controllers/Home.php on line 15.
 1 SYSTEMPATH/Autoloader/Autoloader.php(296): CodeIgniter\Autoloader\Autoloader->includeFile('/Applications/MAMP/htdocs/zero/app/Controllers/Home.php')
 2 SYSTEMPATH/Autoloader/Autoloader.php(272): CodeIgniter\Autoloader\Autoloader->loadInNamespace('App\\Controllers\\Home')
 3 [internal function]: CodeIgniter\Autoloader\Autoloader->loadClass('App\\Controllers\\Home')
 4 SYSTEMPATH/CodeIgniter.php(887): class_exists('\\App\\Controllers\\Home', true)
 5 SYSTEMPATH/CodeIgniter.php(496): CodeIgniter\CodeIgniter->startController()
 6 SYSTEMPATH/CodeIgniter.php(355): CodeIgniter\CodeIgniter->handleRequest(null, Object(Config\Cache), false)
 7 SYSTEMPATH/Boot.php(312): CodeIgniter\CodeIgniter->run()
 8 SYSTEMPATH/Boot.php(67): CodeIgniter\Boot::runCodeIgniter(Object(CodeIgniter\CodeIgniter))
 9 FCPATH/index.php(56): CodeIgniter\Boot::bootWeb(Object(Config\Paths))
CRITICAL - 2024-05-21 03:05:01 --> ParseError: syntax error, unexpected token "}", expecting ";"
[Method: GET, Route: /]
in APPPATH/Controllers/Home.php on line 15.
 1 SYSTEMPATH/Autoloader/Autoloader.php(296): CodeIgniter\Autoloader\Autoloader->includeFile('/Applications/MAMP/htdocs/zero/app/Controllers/Home.php')
 2 SYSTEMPATH/Autoloader/Autoloader.php(272): CodeIgniter\Autoloader\Autoloader->loadInNamespace('App\\Controllers\\Home')
 3 [internal function]: CodeIgniter\Autoloader\Autoloader->loadClass('App\\Controllers\\Home')
 4 SYSTEMPATH/CodeIgniter.php(887): class_exists('\\App\\Controllers\\Home', true)
 5 SYSTEMPATH/CodeIgniter.php(496): CodeIgniter\CodeIgniter->startController()
 6 SYSTEMPATH/CodeIgniter.php(355): CodeIgniter\CodeIgniter->handleRequest(null, Object(Config\Cache), false)
 7 SYSTEMPATH/Boot.php(312): CodeIgniter\CodeIgniter->run()
 8 SYSTEMPATH/Boot.php(67): CodeIgniter\Boot::runCodeIgniter(Object(CodeIgniter\CodeIgniter))
 9 FCPATH/index.php(56): CodeIgniter\Boot::bootWeb(Object(Config\Paths))
CRITICAL - 2024-05-21 03:05:03 --> ParseError: syntax error, unexpected token "}", expecting ";"
[Method: GET, Route: /]
in APPPATH/Controllers/Home.php on line 15.
 1 SYSTEMPATH/Autoloader/Autoloader.php(296): CodeIgniter\Autoloader\Autoloader->includeFile('/Applications/MAMP/htdocs/zero/app/Controllers/Home.php')
 2 SYSTEMPATH/Autoloader/Autoloader.php(272): CodeIgniter\Autoloader\Autoloader->loadInNamespace('App\\Controllers\\Home')
 3 [internal function]: CodeIgniter\Autoloader\Autoloader->loadClass('App\\Controllers\\Home')
 4 SYSTEMPATH/CodeIgniter.php(887): class_exists('\\App\\Controllers\\Home', true)
 5 SYSTEMPATH/CodeIgniter.php(496): CodeIgniter\CodeIgniter->startController()
 6 SYSTEMPATH/CodeIgniter.php(355): CodeIgniter\CodeIgniter->handleRequest(null, Object(Config\Cache), false)
 7 SYSTEMPATH/Boot.php(312): CodeIgniter\CodeIgniter->run()
 8 SYSTEMPATH/Boot.php(67): CodeIgniter\Boot::runCodeIgniter(Object(CodeIgniter\CodeIgniter))
 9 FCPATH/index.php(56): CodeIgniter\Boot::bootWeb(Object(Config\Paths))
CRITICAL - 2024-05-21 03:24:10 --> ErrorException: Undefined property: App\Controllers\Home::$load
[Method: GET, Route: teste]
in APPPATH/Controllers/Home.php on line 17.
 1 APPPATH/Controllers/Home.php(17): CodeIgniter\Debug\Exceptions->errorHandler(2, 'Undefined property: App\\Controllers\\Home::$load', '/Applications/MAMP/htdocs/zero/app/Controllers/Home.php', 17)
 2 SYSTEMPATH/CodeIgniter.php(933): App\Controllers\Home->teste()
 3 SYSTEMPATH/CodeIgniter.php(509): CodeIgniter\CodeIgniter->runController(Object(App\Controllers\Home))
 4 SYSTEMPATH/CodeIgniter.php(355): CodeIgniter\CodeIgniter->handleRequest(null, Object(Config\Cache), false)
 5 SYSTEMPATH/Boot.php(312): CodeIgniter\CodeIgniter->run()
 6 SYSTEMPATH/Boot.php(67): CodeIgniter\Boot::runCodeIgniter(Object(CodeIgniter\CodeIgniter))
 7 FCPATH/index.php(56): CodeIgniter\Boot::bootWeb(Object(Config\Paths))
CRITICAL - 2024-05-21 03:25:01 --> ErrorException: Undefined property: App\Controllers\Home::$load
[Method: GET, Route: teste]
in APPPATH/Controllers/Home.php on line 17.
 1 APPPATH/Controllers/Home.php(17): CodeIgniter\Debug\Exceptions->errorHandler(2, 'Undefined property: App\\Controllers\\Home::$load', '/Applications/MAMP/htdocs/zero/app/Controllers/Home.php', 17)
 2 SYSTEMPATH/CodeIgniter.php(933): App\Controllers\Home->teste()
 3 SYSTEMPATH/CodeIgniter.php(509): CodeIgniter\CodeIgniter->runController(Object(App\Controllers\Home))
 4 SYSTEMPATH/CodeIgniter.php(355): CodeIgniter\CodeIgniter->handleRequest(null, Object(Config\Cache), false)
 5 SYSTEMPATH/Boot.php(312): CodeIgniter\CodeIgniter->run()
 6 SYSTEMPATH/Boot.php(67): CodeIgniter\Boot::runCodeIgniter(Object(CodeIgniter\CodeIgniter))
 7 FCPATH/index.php(56): CodeIgniter\Boot::bootWeb(Object(Config\Paths))
CRITICAL - 2024-05-21 03:26:19 --> ErrorException: Undefined property: App\Controllers\Home::$load
[Method: GET, Route: teste]
in APPPATH/Controllers/Home.php on line 17.
 1 APPPATH/Controllers/Home.php(17): CodeIgniter\Debug\Exceptions->errorHandler(2, 'Undefined property: App\\Controllers\\Home::$load', '/Applications/MAMP/htdocs/zero/app/Controllers/Home.php', 17)
 2 SYSTEMPATH/CodeIgniter.php(933): App\Controllers\Home->teste()
 3 SYSTEMPATH/CodeIgniter.php(509): CodeIgniter\CodeIgniter->runController(Object(App\Controllers\Home))
 4 SYSTEMPATH/CodeIgniter.php(355): CodeIgniter\CodeIgniter->handleRequest(null, Object(Config\Cache), false)
 5 SYSTEMPATH/Boot.php(312): CodeIgniter\CodeIgniter->run()
 6 SYSTEMPATH/Boot.php(67): CodeIgniter\Boot::runCodeIgniter(Object(CodeIgniter\CodeIgniter))
 7 FCPATH/index.php(56): CodeIgniter\Boot::bootWeb(Object(Config\Paths))
CRITICAL - 2024-05-21 03:26:20 --> ErrorException: Undefined property: App\Controllers\Home::$load
[Method: GET, Route: teste]
in APPPATH/Controllers/Home.php on line 17.
 1 APPPATH/Controllers/Home.php(17): CodeIgniter\Debug\Exceptions->errorHandler(2, 'Undefined property: App\\Controllers\\Home::$load', '/Applications/MAMP/htdocs/zero/app/Controllers/Home.php', 17)
 2 SYSTEMPATH/CodeIgniter.php(933): App\Controllers\Home->teste()
 3 SYSTEMPATH/CodeIgniter.php(509): CodeIgniter\CodeIgniter->runController(Object(App\Controllers\Home))
 4 SYSTEMPATH/CodeIgniter.php(355): CodeIgniter\CodeIgniter->handleRequest(null, Object(Config\Cache), false)
 5 SYSTEMPATH/Boot.php(312): CodeIgniter\CodeIgniter->run()
 6 SYSTEMPATH/Boot.php(67): CodeIgniter\Boot::runCodeIgniter(Object(CodeIgniter\CodeIgniter))
 7 FCPATH/index.php(56): CodeIgniter\Boot::bootWeb(Object(Config\Paths))
CRITICAL - 2024-05-21 03:26:20 --> ErrorException: Undefined property: App\Controllers\Home::$load
[Method: GET, Route: teste]
in APPPATH/Controllers/Home.php on line 17.
 1 APPPATH/Controllers/Home.php(17): CodeIgniter\Debug\Exceptions->errorHandler(2, 'Undefined property: App\\Controllers\\Home::$load', '/Applications/MAMP/htdocs/zero/app/Controllers/Home.php', 17)
 2 SYSTEMPATH/CodeIgniter.php(933): App\Controllers\Home->teste()
 3 SYSTEMPATH/CodeIgniter.php(509): CodeIgniter\CodeIgniter->runController(Object(App\Controllers\Home))
 4 SYSTEMPATH/CodeIgniter.php(355): CodeIgniter\CodeIgniter->handleRequest(null, Object(Config\Cache), false)
 5 SYSTEMPATH/Boot.php(312): CodeIgniter\CodeIgniter->run()
 6 SYSTEMPATH/Boot.php(67): CodeIgniter\Boot::runCodeIgniter(Object(CodeIgniter\CodeIgniter))
 7 FCPATH/index.php(56): CodeIgniter\Boot::bootWeb(Object(Config\Paths))
CRITICAL - 2024-05-21 03:26:20 --> ErrorException: Undefined property: App\Controllers\Home::$load
[Method: GET, Route: teste]
in APPPATH/Controllers/Home.php on line 17.
 1 APPPATH/Controllers/Home.php(17): CodeIgniter\Debug\Exceptions->errorHandler(2, 'Undefined property: App\\Controllers\\Home::$load', '/Applications/MAMP/htdocs/zero/app/Controllers/Home.php', 17)
 2 SYSTEMPATH/CodeIgniter.php(933): App\Controllers\Home->teste()
 3 SYSTEMPATH/CodeIgniter.php(509): CodeIgniter\CodeIgniter->runController(Object(App\Controllers\Home))
 4 SYSTEMPATH/CodeIgniter.php(355): CodeIgniter\CodeIgniter->handleRequest(null, Object(Config\Cache), false)
 5 SYSTEMPATH/Boot.php(312): CodeIgniter\CodeIgniter->run()
 6 SYSTEMPATH/Boot.php(67): CodeIgniter\Boot::runCodeIgniter(Object(CodeIgniter\CodeIgniter))
 7 FCPATH/index.php(56): CodeIgniter\Boot::bootWeb(Object(Config\Paths))
CRITICAL - 2024-05-21 03:26:20 --> ErrorException: Undefined property: App\Controllers\Home::$load
[Method: GET, Route: teste]
in APPPATH/Controllers/Home.php on line 17.
 1 APPPATH/Controllers/Home.php(17): CodeIgniter\Debug\Exceptions->errorHandler(2, 'Undefined property: App\\Controllers\\Home::$load', '/Applications/MAMP/htdocs/zero/app/Controllers/Home.php', 17)
 2 SYSTEMPATH/CodeIgniter.php(933): App\Controllers\Home->teste()
 3 SYSTEMPATH/CodeIgniter.php(509): CodeIgniter\CodeIgniter->runController(Object(App\Controllers\Home))
 4 SYSTEMPATH/CodeIgniter.php(355): CodeIgniter\CodeIgniter->handleRequest(null, Object(Config\Cache), false)
 5 SYSTEMPATH/Boot.php(312): CodeIgniter\CodeIgniter->run()
 6 SYSTEMPATH/Boot.php(67): CodeIgniter\Boot::runCodeIgniter(Object(CodeIgniter\CodeIgniter))
 7 FCPATH/index.php(56): CodeIgniter\Boot::bootWeb(Object(Config\Paths))
CRITICAL - 2024-05-21 03:26:21 --> ErrorException: Undefined property: App\Controllers\Home::$load
[Method: GET, Route: teste]
in APPPATH/Controllers/Home.php on line 17.
 1 APPPATH/Controllers/Home.php(17): CodeIgniter\Debug\Exceptions->errorHandler(2, 'Undefined property: App\\Controllers\\Home::$load', '/Applications/MAMP/htdocs/zero/app/Controllers/Home.php', 17)
 2 SYSTEMPATH/CodeIgniter.php(933): App\Controllers\Home->teste()
 3 SYSTEMPATH/CodeIgniter.php(509): CodeIgniter\CodeIgniter->runController(Object(App\Controllers\Home))
 4 SYSTEMPATH/CodeIgniter.php(355): CodeIgniter\CodeIgniter->handleRequest(null, Object(Config\Cache), false)
 5 SYSTEMPATH/Boot.php(312): CodeIgniter\CodeIgniter->run()
 6 SYSTEMPATH/Boot.php(67): CodeIgniter\Boot::runCodeIgniter(Object(CodeIgniter\CodeIgniter))
 7 FCPATH/index.php(56): CodeIgniter\Boot::bootWeb(Object(Config\Paths))
CRITICAL - 2024-05-21 03:26:54 --> ErrorException: Undefined property: App\Controllers\Home::$load
[Method: GET, Route: teste]
in APPPATH/Controllers/Home.php on line 17.
 1 APPPATH/Controllers/Home.php(17): CodeIgniter\Debug\Exceptions->errorHandler(2, 'Undefined property: App\\Controllers\\Home::$load', '/Applications/MAMP/htdocs/zero/app/Controllers/Home.php', 17)
 2 SYSTEMPATH/CodeIgniter.php(933): App\Controllers\Home->teste()
 3 SYSTEMPATH/CodeIgniter.php(509): CodeIgniter\CodeIgniter->runController(Object(App\Controllers\Home))
 4 SYSTEMPATH/CodeIgniter.php(355): CodeIgniter\CodeIgniter->handleRequest(null, Object(Config\Cache), false)
 5 SYSTEMPATH/Boot.php(312): CodeIgniter\CodeIgniter->run()
 6 SYSTEMPATH/Boot.php(67): CodeIgniter\Boot::runCodeIgniter(Object(CodeIgniter\CodeIgniter))
 7 FCPATH/index.php(56): CodeIgniter\Boot::bootWeb(Object(Config\Paths))
ERROR - 2024-05-21 03:30:10 --> Error connecting to the database: mysqli_sql_exception: Access denied for user 'root'@'localhost' (using password: NO) in /Applications/MAMP/htdocs/zero/system/Database/MySQLi/Connection.php:186
Stack trace:
#0 /Applications/MAMP/htdocs/zero/system/Database/MySQLi/Connection.php(186): mysqli->real_connect('localhost', 'root', Object(SensitiveParameterValue), 'zero', 3306, '', 0)
#1 /Applications/MAMP/htdocs/zero/system/Database/BaseConnection.php(421): CodeIgniter\Database\MySQLi\Connection->connect(false)
#2 /Applications/MAMP/htdocs/zero/system/Database/BaseConnection.php(604): CodeIgniter\Database\BaseConnection->initialize()
#3 /Applications/MAMP/htdocs/zero/app/Controllers/Home.php(19): CodeIgniter\Database\BaseConnection->query('SELECT * FROM u...')
#4 /Applications/MAMP/htdocs/zero/system/CodeIgniter.php(933): App\Controllers\Home->teste()
#5 /Applications/MAMP/htdocs/zero/system/CodeIgniter.php(509): CodeIgniter\CodeIgniter->runController(Object(App\Controllers\Home))
#6 /Applications/MAMP/htdocs/zero/system/CodeIgniter.php(355): CodeIgniter\CodeIgniter->handleRequest(NULL, Object(Config\Cache), false)
#7 /Applications/MAMP/htdocs/zero/system/Boot.php(312): CodeIgniter\CodeIgniter->run()
#8 /Applications/MAMP/htdocs/zero/system/Boot.php(67): CodeIgniter\Boot::runCodeIgniter(Object(CodeIgniter\CodeIgniter))
#9 /Applications/MAMP/htdocs/zero/public/index.php(56): CodeIgniter\Boot::bootWeb(Object(Config\Paths))
#10 {main}

Next CodeIgniter\Database\Exceptions\DatabaseException: Access denied for user '****'@'localhost' (using password: NO) in /Applications/MAMP/htdocs/zero/system/Database/MySQLi/Connection.php:231
Stack trace:
#0 /Applications/MAMP/htdocs/zero/system/Database/BaseConnection.php(421): CodeIgniter\Database\MySQLi\Connection->connect(false)
#1 /Applications/MAMP/htdocs/zero/system/Database/BaseConnection.php(604): CodeIgniter\Database\BaseConnection->initialize()
#2 /Applications/MAMP/htdocs/zero/app/Controllers/Home.php(19): CodeIgniter\Database\BaseConnection->query('SELECT * FROM u...')
#3 /Applications/MAMP/htdocs/zero/system/CodeIgniter.php(933): App\Controllers\Home->teste()
#4 /Applications/MAMP/htdocs/zero/system/CodeIgniter.php(509): CodeIgniter\CodeIgniter->runController(Object(App\Controllers\Home))
#5 /Applications/MAMP/htdocs/zero/system/CodeIgniter.php(355): CodeIgniter\CodeIgniter->handleRequest(NULL, Object(Config\Cache), false)
#6 /Applications/MAMP/htdocs/zero/system/Boot.php(312): CodeIgniter\CodeIgniter->run()
#7 /Applications/MAMP/htdocs/zero/system/Boot.php(67): CodeIgniter\Boot::runCodeIgniter(Object(CodeIgniter\CodeIgniter))
#8 /Applications/MAMP/htdocs/zero/public/index.php(56): CodeIgniter\Boot::bootWeb(Object(Config\Paths))
#9 {main}
CRITICAL - 2024-05-21 03:30:10 --> CodeIgniter\Database\Exceptions\DatabaseException: Unable to connect to the database.
Main connection [MySQLi]: Access denied for user '****'@'localhost' (using password: NO)
[Method: GET, Route: teste]
in SYSTEMPATH/Database/BaseConnection.php on line 457.
 1 SYSTEMPATH/Database/BaseConnection.php(604): CodeIgniter\Database\BaseConnection->initialize()
 2 APPPATH/Controllers/Home.php(19): CodeIgniter\Database\BaseConnection->query('SELECT * FROM users')
 3 SYSTEMPATH/CodeIgniter.php(933): App\Controllers\Home->teste()
 4 SYSTEMPATH/CodeIgniter.php(509): CodeIgniter\CodeIgniter->runController(Object(App\Controllers\Home))
 5 SYSTEMPATH/CodeIgniter.php(355): CodeIgniter\CodeIgniter->handleRequest(null, Object(Config\Cache), false)
 6 SYSTEMPATH/Boot.php(312): CodeIgniter\CodeIgniter->run()
 7 SYSTEMPATH/Boot.php(67): CodeIgniter\Boot::runCodeIgniter(Object(CodeIgniter\CodeIgniter))
 8 FCPATH/index.php(56): CodeIgniter\Boot::bootWeb(Object(Config\Paths))
ERROR - 2024-05-21 03:30:29 --> Error connecting to the database: mysqli_sql_exception: Access denied for user 'root'@'localhost' (using password: NO) in /Applications/MAMP/htdocs/zero/system/Database/MySQLi/Connection.php:186
Stack trace:
#0 /Applications/MAMP/htdocs/zero/system/Database/MySQLi/Connection.php(186): mysqli->real_connect('localhost', 'root', Object(SensitiveParameterValue), 'zero', 3306, '', 0)
#1 /Applications/MAMP/htdocs/zero/system/Database/BaseConnection.php(421): CodeIgniter\Database\MySQLi\Connection->connect(false)
#2 /Applications/MAMP/htdocs/zero/system/Database/BaseConnection.php(604): CodeIgniter\Database\BaseConnection->initialize()
#3 /Applications/MAMP/htdocs/zero/app/Controllers/Home.php(19): CodeIgniter\Database\BaseConnection->query('SELECT * FROM u...')
#4 /Applications/MAMP/htdocs/zero/system/CodeIgniter.php(933): App\Controllers\Home->teste()
#5 /Applications/MAMP/htdocs/zero/system/CodeIgniter.php(509): CodeIgniter\CodeIgniter->runController(Object(App\Controllers\Home))
#6 /Applications/MAMP/htdocs/zero/system/CodeIgniter.php(355): CodeIgniter\CodeIgniter->handleRequest(NULL, Object(Config\Cache), false)
#7 /Applications/MAMP/htdocs/zero/system/Boot.php(312): CodeIgniter\CodeIgniter->run()
#8 /Applications/MAMP/htdocs/zero/system/Boot.php(67): CodeIgniter\Boot::runCodeIgniter(Object(CodeIgniter\CodeIgniter))
#9 /Applications/MAMP/htdocs/zero/public/index.php(56): CodeIgniter\Boot::bootWeb(Object(Config\Paths))
#10 {main}

Next CodeIgniter\Database\Exceptions\DatabaseException: Access denied for user '****'@'localhost' (using password: NO) in /Applications/MAMP/htdocs/zero/system/Database/MySQLi/Connection.php:231
Stack trace:
#0 /Applications/MAMP/htdocs/zero/system/Database/BaseConnection.php(421): CodeIgniter\Database\MySQLi\Connection->connect(false)
#1 /Applications/MAMP/htdocs/zero/system/Database/BaseConnection.php(604): CodeIgniter\Database\BaseConnection->initialize()
#2 /Applications/MAMP/htdocs/zero/app/Controllers/Home.php(19): CodeIgniter\Database\BaseConnection->query('SELECT * FROM u...')
#3 /Applications/MAMP/htdocs/zero/system/CodeIgniter.php(933): App\Controllers\Home->teste()
#4 /Applications/MAMP/htdocs/zero/system/CodeIgniter.php(509): CodeIgniter\CodeIgniter->runController(Object(App\Controllers\Home))
#5 /Applications/MAMP/htdocs/zero/system/CodeIgniter.php(355): CodeIgniter\CodeIgniter->handleRequest(NULL, Object(Config\Cache), false)
#6 /Applications/MAMP/htdocs/zero/system/Boot.php(312): CodeIgniter\CodeIgniter->run()
#7 /Applications/MAMP/htdocs/zero/system/Boot.php(67): CodeIgniter\Boot::runCodeIgniter(Object(CodeIgniter\CodeIgniter))
#8 /Applications/MAMP/htdocs/zero/public/index.php(56): CodeIgniter\Boot::bootWeb(Object(Config\Paths))
#9 {main}
CRITICAL - 2024-05-21 03:30:29 --> CodeIgniter\Database\Exceptions\DatabaseException: Unable to connect to the database.
Main connection [MySQLi]: Access denied for user '****'@'localhost' (using password: NO)
[Method: GET, Route: teste]
in SYSTEMPATH/Database/BaseConnection.php on line 457.
 1 SYSTEMPATH/Database/BaseConnection.php(604): CodeIgniter\Database\BaseConnection->initialize()
 2 APPPATH/Controllers/Home.php(19): CodeIgniter\Database\BaseConnection->query('SELECT * FROM usuarios')
 3 SYSTEMPATH/CodeIgniter.php(933): App\Controllers\Home->teste()
 4 SYSTEMPATH/CodeIgniter.php(509): CodeIgniter\CodeIgniter->runController(Object(App\Controllers\Home))
 5 SYSTEMPATH/CodeIgniter.php(355): CodeIgniter\CodeIgniter->handleRequest(null, Object(Config\Cache), false)
 6 SYSTEMPATH/Boot.php(312): CodeIgniter\CodeIgniter->run()
 7 SYSTEMPATH/Boot.php(67): CodeIgniter\Boot::runCodeIgniter(Object(CodeIgniter\CodeIgniter))
 8 FCPATH/index.php(56): CodeIgniter\Boot::bootWeb(Object(Config\Paths))
ERROR - 2024-05-21 03:32:14 --> Error connecting to the database: mysqli_sql_exception: Access denied for user 'root'@'localhost' (using password: NO) in /Applications/MAMP/htdocs/zero/system/Database/MySQLi/Connection.php:186
Stack trace:
#0 /Applications/MAMP/htdocs/zero/system/Database/MySQLi/Connection.php(186): mysqli->real_connect('localhost', 'root', Object(SensitiveParameterValue), 'zero', 3306, '', 0)
#1 /Applications/MAMP/htdocs/zero/system/Database/BaseConnection.php(421): CodeIgniter\Database\MySQLi\Connection->connect(false)
#2 /Applications/MAMP/htdocs/zero/system/Database/BaseConnection.php(604): CodeIgniter\Database\BaseConnection->initialize()
#3 /Applications/MAMP/htdocs/zero/app/Controllers/Home.php(19): CodeIgniter\Database\BaseConnection->query('SELECT * FROM u...')
#4 /Applications/MAMP/htdocs/zero/system/CodeIgniter.php(933): App\Controllers\Home->teste()
#5 /Applications/MAMP/htdocs/zero/system/CodeIgniter.php(509): CodeIgniter\CodeIgniter->runController(Object(App\Controllers\Home))
#6 /Applications/MAMP/htdocs/zero/system/CodeIgniter.php(355): CodeIgniter\CodeIgniter->handleRequest(NULL, Object(Config\Cache), false)
#7 /Applications/MAMP/htdocs/zero/system/Boot.php(312): CodeIgniter\CodeIgniter->run()
#8 /Applications/MAMP/htdocs/zero/system/Boot.php(67): CodeIgniter\Boot::runCodeIgniter(Object(CodeIgniter\CodeIgniter))
#9 /Applications/MAMP/htdocs/zero/public/index.php(56): CodeIgniter\Boot::bootWeb(Object(Config\Paths))
#10 {main}

Next CodeIgniter\Database\Exceptions\DatabaseException: Access denied for user '****'@'localhost' (using password: NO) in /Applications/MAMP/htdocs/zero/system/Database/MySQLi/Connection.php:231
Stack trace:
#0 /Applications/MAMP/htdocs/zero/system/Database/BaseConnection.php(421): CodeIgniter\Database\MySQLi\Connection->connect(false)
#1 /Applications/MAMP/htdocs/zero/system/Database/BaseConnection.php(604): CodeIgniter\Database\BaseConnection->initialize()
#2 /Applications/MAMP/htdocs/zero/app/Controllers/Home.php(19): CodeIgniter\Database\BaseConnection->query('SELECT * FROM u...')
#3 /Applications/MAMP/htdocs/zero/system/CodeIgniter.php(933): App\Controllers\Home->teste()
#4 /Applications/MAMP/htdocs/zero/system/CodeIgniter.php(509): CodeIgniter\CodeIgniter->runController(Object(App\Controllers\Home))
#5 /Applications/MAMP/htdocs/zero/system/CodeIgniter.php(355): CodeIgniter\CodeIgniter->handleRequest(NULL, Object(Config\Cache), false)
#6 /Applications/MAMP/htdocs/zero/system/Boot.php(312): CodeIgniter\CodeIgniter->run()
#7 /Applications/MAMP/htdocs/zero/system/Boot.php(67): CodeIgniter\Boot::runCodeIgniter(Object(CodeIgniter\CodeIgniter))
#8 /Applications/MAMP/htdocs/zero/public/index.php(56): CodeIgniter\Boot::bootWeb(Object(Config\Paths))
#9 {main}
CRITICAL - 2024-05-21 03:32:14 --> CodeIgniter\Database\Exceptions\DatabaseException: Unable to connect to the database.
Main connection [MySQLi]: Access denied for user '****'@'localhost' (using password: NO)
[Method: GET, Route: teste]
in SYSTEMPATH/Database/BaseConnection.php on line 457.
 1 SYSTEMPATH/Database/BaseConnection.php(604): CodeIgniter\Database\BaseConnection->initialize()
 2 APPPATH/Controllers/Home.php(19): CodeIgniter\Database\BaseConnection->query('SELECT * FROM usuarios')
 3 SYSTEMPATH/CodeIgniter.php(933): App\Controllers\Home->teste()
 4 SYSTEMPATH/CodeIgniter.php(509): CodeIgniter\CodeIgniter->runController(Object(App\Controllers\Home))
 5 SYSTEMPATH/CodeIgniter.php(355): CodeIgniter\CodeIgniter->handleRequest(null, Object(Config\Cache), false)
 6 SYSTEMPATH/Boot.php(312): CodeIgniter\CodeIgniter->run()
 7 SYSTEMPATH/Boot.php(67): CodeIgniter\Boot::runCodeIgniter(Object(CodeIgniter\CodeIgniter))
 8 FCPATH/index.php(56): CodeIgniter\Boot::bootWeb(Object(Config\Paths))
ERROR - 2024-05-21 03:33:42 --> Error connecting to the database: mysqli_sql_exception: Access denied for user 'mamp'@'localhost' (using password: NO) in /Applications/MAMP/htdocs/zero/system/Database/MySQLi/Connection.php:186
Stack trace:
#0 /Applications/MAMP/htdocs/zero/system/Database/MySQLi/Connection.php(186): mysqli->real_connect('localhost', 'mamp', Object(SensitiveParameterValue), 'zero', 3306, '', 0)
#1 /Applications/MAMP/htdocs/zero/system/Database/BaseConnection.php(421): CodeIgniter\Database\MySQLi\Connection->connect(false)
#2 /Applications/MAMP/htdocs/zero/system/Database/BaseConnection.php(604): CodeIgniter\Database\BaseConnection->initialize()
#3 /Applications/MAMP/htdocs/zero/app/Controllers/Home.php(19): CodeIgniter\Database\BaseConnection->query('SELECT * FROM u...')
#4 /Applications/MAMP/htdocs/zero/system/CodeIgniter.php(933): App\Controllers\Home->teste()
#5 /Applications/MAMP/htdocs/zero/system/CodeIgniter.php(509): CodeIgniter\CodeIgniter->runController(Object(App\Controllers\Home))
#6 /Applications/MAMP/htdocs/zero/system/CodeIgniter.php(355): CodeIgniter\CodeIgniter->handleRequest(NULL, Object(Config\Cache), false)
#7 /Applications/MAMP/htdocs/zero/system/Boot.php(312): CodeIgniter\CodeIgniter->run()
#8 /Applications/MAMP/htdocs/zero/system/Boot.php(67): CodeIgniter\Boot::runCodeIgniter(Object(CodeIgniter\CodeIgniter))
#9 /Applications/MAMP/htdocs/zero/public/index.php(56): CodeIgniter\Boot::bootWeb(Object(Config\Paths))
#10 {main}

Next CodeIgniter\Database\Exceptions\DatabaseException: Access denied for user '****'@'localhost' (using password: NO) in /Applications/MAMP/htdocs/zero/system/Database/MySQLi/Connection.php:231
Stack trace:
#0 /Applications/MAMP/htdocs/zero/system/Database/BaseConnection.php(421): CodeIgniter\Database\MySQLi\Connection->connect(false)
#1 /Applications/MAMP/htdocs/zero/system/Database/BaseConnection.php(604): CodeIgniter\Database\BaseConnection->initialize()
#2 /Applications/MAMP/htdocs/zero/app/Controllers/Home.php(19): CodeIgniter\Database\BaseConnection->query('SELECT * FROM u...')
#3 /Applications/MAMP/htdocs/zero/system/CodeIgniter.php(933): App\Controllers\Home->teste()
#4 /Applications/MAMP/htdocs/zero/system/CodeIgniter.php(509): CodeIgniter\CodeIgniter->runController(Object(App\Controllers\Home))
#5 /Applications/MAMP/htdocs/zero/system/CodeIgniter.php(355): CodeIgniter\CodeIgniter->handleRequest(NULL, Object(Config\Cache), false)
#6 /Applications/MAMP/htdocs/zero/system/Boot.php(312): CodeIgniter\CodeIgniter->run()
#7 /Applications/MAMP/htdocs/zero/system/Boot.php(67): CodeIgniter\Boot::runCodeIgniter(Object(CodeIgniter\CodeIgniter))
#8 /Applications/MAMP/htdocs/zero/public/index.php(56): CodeIgniter\Boot::bootWeb(Object(Config\Paths))
#9 {main}
CRITICAL - 2024-05-21 03:33:42 --> CodeIgniter\Database\Exceptions\DatabaseException: Unable to connect to the database.
Main connection [MySQLi]: Access denied for user '****'@'localhost' (using password: NO)
[Method: GET, Route: teste]
in SYSTEMPATH/Database/BaseConnection.php on line 457.
 1 SYSTEMPATH/Database/BaseConnection.php(604): CodeIgniter\Database\BaseConnection->initialize()
 2 APPPATH/Controllers/Home.php(19): CodeIgniter\Database\BaseConnection->query('SELECT * FROM usuarios')
 3 SYSTEMPATH/CodeIgniter.php(933): App\Controllers\Home->teste()
 4 SYSTEMPATH/CodeIgniter.php(509): CodeIgniter\CodeIgniter->runController(Object(App\Controllers\Home))
 5 SYSTEMPATH/CodeIgniter.php(355): CodeIgniter\CodeIgniter->handleRequest(null, Object(Config\Cache), false)
 6 SYSTEMPATH/Boot.php(312): CodeIgniter\CodeIgniter->run()
 7 SYSTEMPATH/Boot.php(67): CodeIgniter\Boot::runCodeIgniter(Object(CodeIgniter\CodeIgniter))
 8 FCPATH/index.php(56): CodeIgniter\Boot::bootWeb(Object(Config\Paths))
ERROR - 2024-05-21 03:33:43 --> Error connecting to the database: mysqli_sql_exception: Access denied for user 'mamp'@'localhost' (using password: NO) in /Applications/MAMP/htdocs/zero/system/Database/MySQLi/Connection.php:186
Stack trace:
#0 /Applications/MAMP/htdocs/zero/system/Database/MySQLi/Connection.php(186): mysqli->real_connect('localhost', 'mamp', Object(SensitiveParameterValue), 'zero', 3306, '', 0)
#1 /Applications/MAMP/htdocs/zero/system/Database/BaseConnection.php(421): CodeIgniter\Database\MySQLi\Connection->connect(false)
#2 /Applications/MAMP/htdocs/zero/system/Database/BaseConnection.php(604): CodeIgniter\Database\BaseConnection->initialize()
#3 /Applications/MAMP/htdocs/zero/app/Controllers/Home.php(19): CodeIgniter\Database\BaseConnection->query('SELECT * FROM u...')
#4 /Applications/MAMP/htdocs/zero/system/CodeIgniter.php(933): App\Controllers\Home->teste()
#5 /Applications/MAMP/htdocs/zero/system/CodeIgniter.php(509): CodeIgniter\CodeIgniter->runController(Object(App\Controllers\Home))
#6 /Applications/MAMP/htdocs/zero/system/CodeIgniter.php(355): CodeIgniter\CodeIgniter->handleRequest(NULL, Object(Config\Cache), false)
#7 /Applications/MAMP/htdocs/zero/system/Boot.php(312): CodeIgniter\CodeIgniter->run()
#8 /Applications/MAMP/htdocs/zero/system/Boot.php(67): CodeIgniter\Boot::runCodeIgniter(Object(CodeIgniter\CodeIgniter))
#9 /Applications/MAMP/htdocs/zero/public/index.php(56): CodeIgniter\Boot::bootWeb(Object(Config\Paths))
#10 {main}

Next CodeIgniter\Database\Exceptions\DatabaseException: Access denied for user '****'@'localhost' (using password: NO) in /Applications/MAMP/htdocs/zero/system/Database/MySQLi/Connection.php:231
Stack trace:
#0 /Applications/MAMP/htdocs/zero/system/Database/BaseConnection.php(421): CodeIgniter\Database\MySQLi\Connection->connect(false)
#1 /Applications/MAMP/htdocs/zero/system/Database/BaseConnection.php(604): CodeIgniter\Database\BaseConnection->initialize()
#2 /Applications/MAMP/htdocs/zero/app/Controllers/Home.php(19): CodeIgniter\Database\BaseConnection->query('SELECT * FROM u...')
#3 /Applications/MAMP/htdocs/zero/system/CodeIgniter.php(933): App\Controllers\Home->teste()
#4 /Applications/MAMP/htdocs/zero/system/CodeIgniter.php(509): CodeIgniter\CodeIgniter->runController(Object(App\Controllers\Home))
#5 /Applications/MAMP/htdocs/zero/system/CodeIgniter.php(355): CodeIgniter\CodeIgniter->handleRequest(NULL, Object(Config\Cache), false)
#6 /Applications/MAMP/htdocs/zero/system/Boot.php(312): CodeIgniter\CodeIgniter->run()
#7 /Applications/MAMP/htdocs/zero/system/Boot.php(67): CodeIgniter\Boot::runCodeIgniter(Object(CodeIgniter\CodeIgniter))
#8 /Applications/MAMP/htdocs/zero/public/index.php(56): CodeIgniter\Boot::bootWeb(Object(Config\Paths))
#9 {main}
CRITICAL - 2024-05-21 03:33:43 --> CodeIgniter\Database\Exceptions\DatabaseException: Unable to connect to the database.
Main connection [MySQLi]: Access denied for user '****'@'localhost' (using password: NO)
[Method: GET, Route: teste]
in SYSTEMPATH/Database/BaseConnection.php on line 457.
 1 SYSTEMPATH/Database/BaseConnection.php(604): CodeIgniter\Database\BaseConnection->initialize()
 2 APPPATH/Controllers/Home.php(19): CodeIgniter\Database\BaseConnection->query('SELECT * FROM usuarios')
 3 SYSTEMPATH/CodeIgniter.php(933): App\Controllers\Home->teste()
 4 SYSTEMPATH/CodeIgniter.php(509): CodeIgniter\CodeIgniter->runController(Object(App\Controllers\Home))
 5 SYSTEMPATH/CodeIgniter.php(355): CodeIgniter\CodeIgniter->handleRequest(null, Object(Config\Cache), false)
 6 SYSTEMPATH/Boot.php(312): CodeIgniter\CodeIgniter->run()
 7 SYSTEMPATH/Boot.php(67): CodeIgniter\Boot::runCodeIgniter(Object(CodeIgniter\CodeIgniter))
 8 FCPATH/index.php(56): CodeIgniter\Boot::bootWeb(Object(Config\Paths))
ERROR - 2024-05-21 03:33:43 --> Error connecting to the database: mysqli_sql_exception: Access denied for user 'mamp'@'localhost' (using password: NO) in /Applications/MAMP/htdocs/zero/system/Database/MySQLi/Connection.php:186
Stack trace:
#0 /Applications/MAMP/htdocs/zero/system/Database/MySQLi/Connection.php(186): mysqli->real_connect('localhost', 'mamp', Object(SensitiveParameterValue), 'zero', 3306, '', 0)
#1 /Applications/MAMP/htdocs/zero/system/Database/BaseConnection.php(421): CodeIgniter\Database\MySQLi\Connection->connect(false)
#2 /Applications/MAMP/htdocs/zero/system/Database/BaseConnection.php(604): CodeIgniter\Database\BaseConnection->initialize()
#3 /Applications/MAMP/htdocs/zero/app/Controllers/Home.php(19): CodeIgniter\Database\BaseConnection->query('SELECT * FROM u...')
#4 /Applications/MAMP/htdocs/zero/system/CodeIgniter.php(933): App\Controllers\Home->teste()
#5 /Applications/MAMP/htdocs/zero/system/CodeIgniter.php(509): CodeIgniter\CodeIgniter->runController(Object(App\Controllers\Home))
#6 /Applications/MAMP/htdocs/zero/system/CodeIgniter.php(355): CodeIgniter\CodeIgniter->handleRequest(NULL, Object(Config\Cache), false)
#7 /Applications/MAMP/htdocs/zero/system/Boot.php(312): CodeIgniter\CodeIgniter->run()
#8 /Applications/MAMP/htdocs/zero/system/Boot.php(67): CodeIgniter\Boot::runCodeIgniter(Object(CodeIgniter\CodeIgniter))
#9 /Applications/MAMP/htdocs/zero/public/index.php(56): CodeIgniter\Boot::bootWeb(Object(Config\Paths))
#10 {main}

Next CodeIgniter\Database\Exceptions\DatabaseException: Access denied for user '****'@'localhost' (using password: NO) in /Applications/MAMP/htdocs/zero/system/Database/MySQLi/Connection.php:231
Stack trace:
#0 /Applications/MAMP/htdocs/zero/system/Database/BaseConnection.php(421): CodeIgniter\Database\MySQLi\Connection->connect(false)
#1 /Applications/MAMP/htdocs/zero/system/Database/BaseConnection.php(604): CodeIgniter\Database\BaseConnection->initialize()
#2 /Applications/MAMP/htdocs/zero/app/Controllers/Home.php(19): CodeIgniter\Database\BaseConnection->query('SELECT * FROM u...')
#3 /Applications/MAMP/htdocs/zero/system/CodeIgniter.php(933): App\Controllers\Home->teste()
#4 /Applications/MAMP/htdocs/zero/system/CodeIgniter.php(509): CodeIgniter\CodeIgniter->runController(Object(App\Controllers\Home))
#5 /Applications/MAMP/htdocs/zero/system/CodeIgniter.php(355): CodeIgniter\CodeIgniter->handleRequest(NULL, Object(Config\Cache), false)
#6 /Applications/MAMP/htdocs/zero/system/Boot.php(312): CodeIgniter\CodeIgniter->run()
#7 /Applications/MAMP/htdocs/zero/system/Boot.php(67): CodeIgniter\Boot::runCodeIgniter(Object(CodeIgniter\CodeIgniter))
#8 /Applications/MAMP/htdocs/zero/public/index.php(56): CodeIgniter\Boot::bootWeb(Object(Config\Paths))
#9 {main}
CRITICAL - 2024-05-21 03:33:43 --> CodeIgniter\Database\Exceptions\DatabaseException: Unable to connect to the database.
Main connection [MySQLi]: Access denied for user '****'@'localhost' (using password: NO)
[Method: GET, Route: teste]
in SYSTEMPATH/Database/BaseConnection.php on line 457.
 1 SYSTEMPATH/Database/BaseConnection.php(604): CodeIgniter\Database\BaseConnection->initialize()
 2 APPPATH/Controllers/Home.php(19): CodeIgniter\Database\BaseConnection->query('SELECT * FROM usuarios')
 3 SYSTEMPATH/CodeIgniter.php(933): App\Controllers\Home->teste()
 4 SYSTEMPATH/CodeIgniter.php(509): CodeIgniter\CodeIgniter->runController(Object(App\Controllers\Home))
 5 SYSTEMPATH/CodeIgniter.php(355): CodeIgniter\CodeIgniter->handleRequest(null, Object(Config\Cache), false)
 6 SYSTEMPATH/Boot.php(312): CodeIgniter\CodeIgniter->run()
 7 SYSTEMPATH/Boot.php(67): CodeIgniter\Boot::runCodeIgniter(Object(CodeIgniter\CodeIgniter))
 8 FCPATH/index.php(56): CodeIgniter\Boot::bootWeb(Object(Config\Paths))
ERROR - 2024-05-21 03:33:43 --> Error connecting to the database: mysqli_sql_exception: Access denied for user 'mamp'@'localhost' (using password: NO) in /Applications/MAMP/htdocs/zero/system/Database/MySQLi/Connection.php:186
Stack trace:
#0 /Applications/MAMP/htdocs/zero/system/Database/MySQLi/Connection.php(186): mysqli->real_connect('localhost', 'mamp', Object(SensitiveParameterValue), 'zero', 3306, '', 0)
#1 /Applications/MAMP/htdocs/zero/system/Database/BaseConnection.php(421): CodeIgniter\Database\MySQLi\Connection->connect(false)
#2 /Applications/MAMP/htdocs/zero/system/Database/BaseConnection.php(604): CodeIgniter\Database\BaseConnection->initialize()
#3 /Applications/MAMP/htdocs/zero/app/Controllers/Home.php(19): CodeIgniter\Database\BaseConnection->query('SELECT * FROM u...')
#4 /Applications/MAMP/htdocs/zero/system/CodeIgniter.php(933): App\Controllers\Home->teste()
#5 /Applications/MAMP/htdocs/zero/system/CodeIgniter.php(509): CodeIgniter\CodeIgniter->runController(Object(App\Controllers\Home))
#6 /Applications/MAMP/htdocs/zero/system/CodeIgniter.php(355): CodeIgniter\CodeIgniter->handleRequest(NULL, Object(Config\Cache), false)
#7 /Applications/MAMP/htdocs/zero/system/Boot.php(312): CodeIgniter\CodeIgniter->run()
#8 /Applications/MAMP/htdocs/zero/system/Boot.php(67): CodeIgniter\Boot::runCodeIgniter(Object(CodeIgniter\CodeIgniter))
#9 /Applications/MAMP/htdocs/zero/public/index.php(56): CodeIgniter\Boot::bootWeb(Object(Config\Paths))
#10 {main}

Next CodeIgniter\Database\Exceptions\DatabaseException: Access denied for user '****'@'localhost' (using password: NO) in /Applications/MAMP/htdocs/zero/system/Database/MySQLi/Connection.php:231
Stack trace:
#0 /Applications/MAMP/htdocs/zero/system/Database/BaseConnection.php(421): CodeIgniter\Database\MySQLi\Connection->connect(false)
#1 /Applications/MAMP/htdocs/zero/system/Database/BaseConnection.php(604): CodeIgniter\Database\BaseConnection->initialize()
#2 /Applications/MAMP/htdocs/zero/app/Controllers/Home.php(19): CodeIgniter\Database\BaseConnection->query('SELECT * FROM u...')
#3 /Applications/MAMP/htdocs/zero/system/CodeIgniter.php(933): App\Controllers\Home->teste()
#4 /Applications/MAMP/htdocs/zero/system/CodeIgniter.php(509): CodeIgniter\CodeIgniter->runController(Object(App\Controllers\Home))
#5 /Applications/MAMP/htdocs/zero/system/CodeIgniter.php(355): CodeIgniter\CodeIgniter->handleRequest(NULL, Object(Config\Cache), false)
#6 /Applications/MAMP/htdocs/zero/system/Boot.php(312): CodeIgniter\CodeIgniter->run()
#7 /Applications/MAMP/htdocs/zero/system/Boot.php(67): CodeIgniter\Boot::runCodeIgniter(Object(CodeIgniter\CodeIgniter))
#8 /Applications/MAMP/htdocs/zero/public/index.php(56): CodeIgniter\Boot::bootWeb(Object(Config\Paths))
#9 {main}
CRITICAL - 2024-05-21 03:33:43 --> CodeIgniter\Database\Exceptions\DatabaseException: Unable to connect to the database.
Main connection [MySQLi]: Access denied for user '****'@'localhost' (using password: NO)
[Method: GET, Route: teste]
in SYSTEMPATH/Database/BaseConnection.php on line 457.
 1 SYSTEMPATH/Database/BaseConnection.php(604): CodeIgniter\Database\BaseConnection->initialize()
 2 APPPATH/Controllers/Home.php(19): CodeIgniter\Database\BaseConnection->query('SELECT * FROM usuarios')
 3 SYSTEMPATH/CodeIgniter.php(933): App\Controllers\Home->teste()
 4 SYSTEMPATH/CodeIgniter.php(509): CodeIgniter\CodeIgniter->runController(Object(App\Controllers\Home))
 5 SYSTEMPATH/CodeIgniter.php(355): CodeIgniter\CodeIgniter->handleRequest(null, Object(Config\Cache), false)
 6 SYSTEMPATH/Boot.php(312): CodeIgniter\CodeIgniter->run()
 7 SYSTEMPATH/Boot.php(67): CodeIgniter\Boot::runCodeIgniter(Object(CodeIgniter\CodeIgniter))
 8 FCPATH/index.php(56): CodeIgniter\Boot::bootWeb(Object(Config\Paths))
ERROR - 2024-05-21 03:33:43 --> Error connecting to the database: mysqli_sql_exception: Access denied for user 'mamp'@'localhost' (using password: NO) in /Applications/MAMP/htdocs/zero/system/Database/MySQLi/Connection.php:186
Stack trace:
#0 /Applications/MAMP/htdocs/zero/system/Database/MySQLi/Connection.php(186): mysqli->real_connect('localhost', 'mamp', Object(SensitiveParameterValue), 'zero', 3306, '', 0)
#1 /Applications/MAMP/htdocs/zero/system/Database/BaseConnection.php(421): CodeIgniter\Database\MySQLi\Connection->connect(false)
#2 /Applications/MAMP/htdocs/zero/system/Database/BaseConnection.php(604): CodeIgniter\Database\BaseConnection->initialize()
#3 /Applications/MAMP/htdocs/zero/app/Controllers/Home.php(19): CodeIgniter\Database\BaseConnection->query('SELECT * FROM u...')
#4 /Applications/MAMP/htdocs/zero/system/CodeIgniter.php(933): App\Controllers\Home->teste()
#5 /Applications/MAMP/htdocs/zero/system/CodeIgniter.php(509): CodeIgniter\CodeIgniter->runController(Object(App\Controllers\Home))
#6 /Applications/MAMP/htdocs/zero/system/CodeIgniter.php(355): CodeIgniter\CodeIgniter->handleRequest(NULL, Object(Config\Cache), false)
#7 /Applications/MAMP/htdocs/zero/system/Boot.php(312): CodeIgniter\CodeIgniter->run()
#8 /Applications/MAMP/htdocs/zero/system/Boot.php(67): CodeIgniter\Boot::runCodeIgniter(Object(CodeIgniter\CodeIgniter))
#9 /Applications/MAMP/htdocs/zero/public/index.php(56): CodeIgniter\Boot::bootWeb(Object(Config\Paths))
#10 {main}

Next CodeIgniter\Database\Exceptions\DatabaseException: Access denied for user '****'@'localhost' (using password: NO) in /Applications/MAMP/htdocs/zero/system/Database/MySQLi/Connection.php:231
Stack trace:
#0 /Applications/MAMP/htdocs/zero/system/Database/BaseConnection.php(421): CodeIgniter\Database\MySQLi\Connection->connect(false)
#1 /Applications/MAMP/htdocs/zero/system/Database/BaseConnection.php(604): CodeIgniter\Database\BaseConnection->initialize()
#2 /Applications/MAMP/htdocs/zero/app/Controllers/Home.php(19): CodeIgniter\Database\BaseConnection->query('SELECT * FROM u...')
#3 /Applications/MAMP/htdocs/zero/system/CodeIgniter.php(933): App\Controllers\Home->teste()
#4 /Applications/MAMP/htdocs/zero/system/CodeIgniter.php(509): CodeIgniter\CodeIgniter->runController(Object(App\Controllers\Home))
#5 /Applications/MAMP/htdocs/zero/system/CodeIgniter.php(355): CodeIgniter\CodeIgniter->handleRequest(NULL, Object(Config\Cache), false)
#6 /Applications/MAMP/htdocs/zero/system/Boot.php(312): CodeIgniter\CodeIgniter->run()
#7 /Applications/MAMP/htdocs/zero/system/Boot.php(67): CodeIgniter\Boot::runCodeIgniter(Object(CodeIgniter\CodeIgniter))
#8 /Applications/MAMP/htdocs/zero/public/index.php(56): CodeIgniter\Boot::bootWeb(Object(Config\Paths))
#9 {main}
CRITICAL - 2024-05-21 03:33:43 --> CodeIgniter\Database\Exceptions\DatabaseException: Unable to connect to the database.
Main connection [MySQLi]: Access denied for user '****'@'localhost' (using password: NO)
[Method: GET, Route: teste]
in SYSTEMPATH/Database/BaseConnection.php on line 457.
 1 SYSTEMPATH/Database/BaseConnection.php(604): CodeIgniter\Database\BaseConnection->initialize()
 2 APPPATH/Controllers/Home.php(19): CodeIgniter\Database\BaseConnection->query('SELECT * FROM usuarios')
 3 SYSTEMPATH/CodeIgniter.php(933): App\Controllers\Home->teste()
 4 SYSTEMPATH/CodeIgniter.php(509): CodeIgniter\CodeIgniter->runController(Object(App\Controllers\Home))
 5 SYSTEMPATH/CodeIgniter.php(355): CodeIgniter\CodeIgniter->handleRequest(null, Object(Config\Cache), false)
 6 SYSTEMPATH/Boot.php(312): CodeIgniter\CodeIgniter->run()
 7 SYSTEMPATH/Boot.php(67): CodeIgniter\Boot::runCodeIgniter(Object(CodeIgniter\CodeIgniter))
 8 FCPATH/index.php(56): CodeIgniter\Boot::bootWeb(Object(Config\Paths))
ERROR - 2024-05-21 03:33:43 --> Error connecting to the database: mysqli_sql_exception: Access denied for user 'mamp'@'localhost' (using password: NO) in /Applications/MAMP/htdocs/zero/system/Database/MySQLi/Connection.php:186
Stack trace:
#0 /Applications/MAMP/htdocs/zero/system/Database/MySQLi/Connection.php(186): mysqli->real_connect('localhost', 'mamp', Object(SensitiveParameterValue), 'zero', 3306, '', 0)
#1 /Applications/MAMP/htdocs/zero/system/Database/BaseConnection.php(421): CodeIgniter\Database\MySQLi\Connection->connect(false)
#2 /Applications/MAMP/htdocs/zero/system/Database/BaseConnection.php(604): CodeIgniter\Database\BaseConnection->initialize()
#3 /Applications/MAMP/htdocs/zero/app/Controllers/Home.php(19): CodeIgniter\Database\BaseConnection->query('SELECT * FROM u...')
#4 /Applications/MAMP/htdocs/zero/system/CodeIgniter.php(933): App\Controllers\Home->teste()
#5 /Applications/MAMP/htdocs/zero/system/CodeIgniter.php(509): CodeIgniter\CodeIgniter->runController(Object(App\Controllers\Home))
#6 /Applications/MAMP/htdocs/zero/system/CodeIgniter.php(355): CodeIgniter\CodeIgniter->handleRequest(NULL, Object(Config\Cache), false)
#7 /Applications/MAMP/htdocs/zero/system/Boot.php(312): CodeIgniter\CodeIgniter->run()
#8 /Applications/MAMP/htdocs/zero/system/Boot.php(67): CodeIgniter\Boot::runCodeIgniter(Object(CodeIgniter\CodeIgniter))
#9 /Applications/MAMP/htdocs/zero/public/index.php(56): CodeIgniter\Boot::bootWeb(Object(Config\Paths))
#10 {main}

Next CodeIgniter\Database\Exceptions\DatabaseException: Access denied for user '****'@'localhost' (using password: NO) in /Applications/MAMP/htdocs/zero/system/Database/MySQLi/Connection.php:231
Stack trace:
#0 /Applications/MAMP/htdocs/zero/system/Database/BaseConnection.php(421): CodeIgniter\Database\MySQLi\Connection->connect(false)
#1 /Applications/MAMP/htdocs/zero/system/Database/BaseConnection.php(604): CodeIgniter\Database\BaseConnection->initialize()
#2 /Applications/MAMP/htdocs/zero/app/Controllers/Home.php(19): CodeIgniter\Database\BaseConnection->query('SELECT * FROM u...')
#3 /Applications/MAMP/htdocs/zero/system/CodeIgniter.php(933): App\Controllers\Home->teste()
#4 /Applications/MAMP/htdocs/zero/system/CodeIgniter.php(509): CodeIgniter\CodeIgniter->runController(Object(App\Controllers\Home))
#5 /Applications/MAMP/htdocs/zero/system/CodeIgniter.php(355): CodeIgniter\CodeIgniter->handleRequest(NULL, Object(Config\Cache), false)
#6 /Applications/MAMP/htdocs/zero/system/Boot.php(312): CodeIgniter\CodeIgniter->run()
#7 /Applications/MAMP/htdocs/zero/system/Boot.php(67): CodeIgniter\Boot::runCodeIgniter(Object(CodeIgniter\CodeIgniter))
#8 /Applications/MAMP/htdocs/zero/public/index.php(56): CodeIgniter\Boot::bootWeb(Object(Config\Paths))
#9 {main}
CRITICAL - 2024-05-21 03:33:43 --> CodeIgniter\Database\Exceptions\DatabaseException: Unable to connect to the database.
Main connection [MySQLi]: Access denied for user '****'@'localhost' (using password: NO)
[Method: GET, Route: teste]
in SYSTEMPATH/Database/BaseConnection.php on line 457.
 1 SYSTEMPATH/Database/BaseConnection.php(604): CodeIgniter\Database\BaseConnection->initialize()
 2 APPPATH/Controllers/Home.php(19): CodeIgniter\Database\BaseConnection->query('SELECT * FROM usuarios')
 3 SYSTEMPATH/CodeIgniter.php(933): App\Controllers\Home->teste()
 4 SYSTEMPATH/CodeIgniter.php(509): CodeIgniter\CodeIgniter->runController(Object(App\Controllers\Home))
 5 SYSTEMPATH/CodeIgniter.php(355): CodeIgniter\CodeIgniter->handleRequest(null, Object(Config\Cache), false)
 6 SYSTEMPATH/Boot.php(312): CodeIgniter\CodeIgniter->run()
 7 SYSTEMPATH/Boot.php(67): CodeIgniter\Boot::runCodeIgniter(Object(CodeIgniter\CodeIgniter))
 8 FCPATH/index.php(56): CodeIgniter\Boot::bootWeb(Object(Config\Paths))
